#
# There is insufficient memory for the Java Runtime Environment to continue.
# Native memory allocation (mmap) failed to map 65011712 bytes for Failed to commit area from 0x00000000c3200000 to 0x00000000c7000000 of length 65011712.
# Possible reasons:
#   The system is out of physical RAM or swap space
#   The process is running with CompressedOops enabled, and the Java Heap may be blocking the growth of the native heap
# Possible solutions:
#   Reduce memory load on the system
#   Increase physical memory or swap space
#   Check if swap backing store is full
#   Decrease Java heap size (-Xmx/-Xms)
#   Decrease number of Java threads
#   Decrease Java thread stack sizes (-Xss)
#   Set larger code cache with -XX:ReservedCodeCacheSize=
# This output file may be truncated or incomplete.
#
#  Out of Memory Error (./src/hotspot/os/windows/os_windows.cpp:3311), pid=5496, tid=2572
#
# JRE version:  (11.0.13+8) (build )
# Java VM: OpenJDK 64-Bit Server VM (11.0.13+8-LTS, mixed mode, sharing, tiered, compressed oops, g1 gc, windows-amd64)
# No core dump will be written. Minidumps are not enabled by default on client versions of Windows
#

---------------  S U M M A R Y ------------

Command Line: -javaagent:C:\IntelliJ IDEA Community Edition 2021.3\lib\idea_rt.jar=54302:C:\IntelliJ IDEA Community Edition 2021.3\bin -Dfile.encoding=UTF-8 exerciciosDio.Main

Host: Intel(R) Core(TM) i3 CPU       M 380  @ 2.53GHz, 4 cores, 3G,  Windows 10 , 64 bit Build 19041 (10.0.19041.1348)
Time: Tue Dec 28 14:06:12 2021 Hora oficial do Brasil elapsed time: 0.115497 seconds (0d 0h 0m 0s)

---------------  T H R E A D  ---------------

Current thread (0x000001b53df47000):  JavaThread "Unknown thread" [_thread_in_vm, id=2572, stack(0x00000073cec00000,0x00000073ced00000)]

Stack: [0x00000073cec00000,0x00000073ced00000]
Native frames: (J=compiled Java code, j=interpreted, Vv=VM code, C=native code)
V  [jvm.dll+0x62373a]
V  [jvm.dll+0x7b0769]
V  [jvm.dll+0x7b1e2f]
V  [jvm.dll+0x7b2503]
V  [jvm.dll+0x253658]
V  [jvm.dll+0x620a3a]
V  [jvm.dll+0x6152b5]
V  [jvm.dll+0x30bcac]
V  [jvm.dll+0x30bb32]
V  [jvm.dll+0x310856]
V  [jvm.dll+0x35642f]
V  [jvm.dll+0x355e60]
V  [jvm.dll+0x2e87c8]
V  [jvm.dll+0x2e9926]
V  [jvm.dll+0x78a4c7]
V  [jvm.dll+0x78bc51]
V  [jvm.dll+0x3631b9]
V  [jvm.dll+0x76d370]
V  [jvm.dll+0x3d1ecf]
V  [jvm.dll+0x3d4261]
C  [jli.dll+0x5207]
C  [ucrtbase.dll+0x21bb2]
C  [KERNEL32.DLL+0x17034]
C  [ntdll.dll+0x52651]


---------------  P R O C E S S  ---------------

Threads class SMR info:
_java_thread_list=0x000001b53c614020, length=0, elements={
}

Java Threads: ( => current thread )

Other Threads:
  0x000001b53df5f800 GCTaskThread "GC Thread#0" [stack: 0x00000073ced00000,0x00000073cee00000] [id=8044]
  0x000001b53df7c000 ConcurrentGCThread "G1 Main Marker" [stack: 0x00000073cee00000,0x00000073cef00000] [id=6428]
  0x000001b53df7e000 ConcurrentGCThread "G1 Conc#0" [stack: 0x00000073cef00000,0x00000073cf000000] [id=1560]

[error occurred during error reporting (printing all threads), id 0xc0000005, EXCEPTION_ACCESS_VIOLATION (0xc0000005) at pc=0x00007ffe63c083a7]

VM state:not at safepoint (not fully initialized)

VM Mutex/Monitor currently owned by a thread:  ([mutex/lock_event])
[0x000001b53df42d90] Heap_lock - owner thread: 0x000001b53df47000

Heap address: 0x00000000c3200000, size: 974 MB, Compressed Oops mode: Non-zero based: 0x00000000c3200000
Narrow klass base: 0x0000000000000000, Narrow klass shift: 0

GC Heap History (0 events):
No events

Deoptimization events (0 events):
No events

Classes redefined (0 events):
No events

Internal exceptions (0 events):
No events

Events (1 events):
Event: 0.079 Loaded shared library C:\Program Files (x86)\Java\zulu11.52.13-ca-jdk11.0.13-win_x64\bin\zip.dll


Dynamic libraries:
0x00007ff6f5980000 - 0x00007ff6f598d000 	C:\Program Files (x86)\Java\zulu11.52.13-ca-jdk11.0.13-win_x64\bin\java.exe
0x00007ffe94bb0000 - 0x00007ffe94da5000 	C:\WINDOWS\SYSTEM32\ntdll.dll
0x00007ffe93b10000 - 0x00007ffe93bce000 	C:\WINDOWS\System32\KERNEL32.DLL
0x00007ffe92920000 - 0x00007ffe92be8000 	C:\WINDOWS\System32\KERNELBASE.dll
0x00007ffe92710000 - 0x00007ffe92810000 	C:\WINDOWS\System32\ucrtbase.dll
0x00007ffe8ddd0000 - 0x00007ffe8dde5000 	C:\Program Files (x86)\Java\zulu11.52.13-ca-jdk11.0.13-win_x64\bin\VCRUNTIME140.dll
0x00007ffe8fa80000 - 0x00007ffe8fa97000 	C:\Program Files (x86)\Java\zulu11.52.13-ca-jdk11.0.13-win_x64\bin\jli.dll
0x00007ffe94580000 - 0x00007ffe94721000 	C:\WINDOWS\System32\USER32.dll
0x00007ffe92590000 - 0x00007ffe925b2000 	C:\WINDOWS\System32\win32u.dll
0x00007ffe94950000 - 0x00007ffe9497b000 	C:\WINDOWS\System32\GDI32.dll
0x00007ffe92480000 - 0x00007ffe9258d000 	C:\WINDOWS\System32\gdi32full.dll
0x00007ffe925c0000 - 0x00007ffe9265d000 	C:\WINDOWS\System32\msvcp_win.dll
0x00007ffe82a40000 - 0x00007ffe82cda000 	C:\WINDOWS\WinSxS\amd64_microsoft.windows.common-controls_6595b64144ccf1df_6.0.19041.1110_none_60b5254171f9507e\COMCTL32.dll
0x00007ffe94080000 - 0x00007ffe9411e000 	C:\WINDOWS\System32\msvcrt.dll
0x00007ffe94a10000 - 0x00007ffe94a40000 	C:\WINDOWS\System32\IMM32.DLL
0x00007ffe8b500000 - 0x00007ffe8b59b000 	C:\Program Files (x86)\Java\zulu11.52.13-ca-jdk11.0.13-win_x64\bin\msvcp140.dll
0x00007ffe63910000 - 0x00007ffe6449a000 	C:\Program Files (x86)\Java\zulu11.52.13-ca-jdk11.0.13-win_x64\bin\server\jvm.dll
0x00007ffe94390000 - 0x00007ffe9443c000 	C:\WINDOWS\System32\ADVAPI32.dll
0x00007ffe94800000 - 0x00007ffe9489b000 	C:\WINDOWS\System32\sechost.dll
0x00007ffe94200000 - 0x00007ffe9432a000 	C:\WINDOWS\System32\RPCRT4.dll
0x00007ffe94070000 - 0x00007ffe94078000 	C:\WINDOWS\System32\PSAPI.DLL
0x00007ffe86000000 - 0x00007ffe86027000 	C:\WINDOWS\SYSTEM32\WINMM.dll
0x00007ffe8de00000 - 0x00007ffe8de09000 	C:\WINDOWS\SYSTEM32\WSOCK32.dll
0x00007ffe94790000 - 0x00007ffe947fb000 	C:\WINDOWS\System32\WS2_32.dll
0x00007ffe85a00000 - 0x00007ffe85a0a000 	C:\WINDOWS\SYSTEM32\VERSION.dll
0x00007ffe901b0000 - 0x00007ffe901c2000 	C:\WINDOWS\SYSTEM32\kernel.appcore.dll
0x00007ffe8fae0000 - 0x00007ffe8faf0000 	C:\Program Files (x86)\Java\zulu11.52.13-ca-jdk11.0.13-win_x64\bin\verify.dll
0x00007ffe83530000 - 0x00007ffe83714000 	C:\WINDOWS\SYSTEM32\DBGHELP.DLL
0x00007ffe83500000 - 0x00007ffe8352c000 	C:\WINDOWS\SYSTEM32\dbgcore.DLL
0x00007ffe92810000 - 0x00007ffe92892000 	C:\WINDOWS\System32\bcryptPrimitives.dll
0x00007ffe8bac0000 - 0x00007ffe8bae8000 	C:\Program Files (x86)\Java\zulu11.52.13-ca-jdk11.0.13-win_x64\bin\java.dll
0x00007ffe8dd90000 - 0x00007ffe8dd9a000 	C:\Program Files (x86)\Java\zulu11.52.13-ca-jdk11.0.13-win_x64\bin\jimage.dll
0x00007ffe8bab0000 - 0x00007ffe8babe000 	C:\Program Files (x86)\Java\zulu11.52.13-ca-jdk11.0.13-win_x64\bin\instrument.dll
0x00007ffe8d0b0000 - 0x00007ffe8d0c7000 	C:\Program Files (x86)\Java\zulu11.52.13-ca-jdk11.0.13-win_x64\bin\zip.dll

dbghelp: loaded successfully - version: 4.0.5 - missing functions: none
symbol engine: initialized successfully - sym options: 0x614 - pdb path: .;C:\Program Files (x86)\Java\zulu11.52.13-ca-jdk11.0.13-win_x64\bin;C:\WINDOWS\SYSTEM32;C:\WINDOWS\WinSxS\amd64_microsoft.windows.common-controls_6595b64144ccf1df_6.0.19041.1110_none_60b5254171f9507e;C:\Program Files (x86)\Java\zulu11.52.13-ca-jdk11.0.13-win_x64\bin\server

VM Arguments:
jvm_args: -javaagent:C:\IntelliJ IDEA Community Edition 2021.3\lib\idea_rt.jar=54302:C:\IntelliJ IDEA Community Edition 2021.3\bin -Dfile.encoding=UTF-8 
java_command: exerciciosDio.Main
java_class_path (initial): C:\Users\Administrador\IdeaProjects\exerciciosDio\out\production\exerciciosDio
Launcher Type: SUN_STANDARD

[Global flags]
     intx CICompilerCount                          = 3                                         {product} {ergonomic}
     uint ConcGCThreads                            = 1                                         {product} {ergonomic}
     uint G1ConcRefinementThreads                  = 4                                         {product} {ergonomic}
   size_t G1HeapRegionSize                         = 1048576                                   {product} {ergonomic}
    uintx GCDrainStackTargetSize                   = 64                                        {product} {ergonomic}
   size_t InitialHeapSize                          = 65011712                                  {product} {ergonomic}
   size_t MarkStackSize                            = 4194304                                   {product} {ergonomic}
   size_t MaxHeapSize                              = 1021313024                                {product} {ergonomic}
   size_t MinHeapDeltaBytes                        = 1048576                                   {product} {ergonomic}
    uintx NonNMethodCodeHeapSize                   = 5830732                                {pd product} {ergonomic}
    uintx NonProfiledCodeHeapSize                  = 122913754                              {pd product} {ergonomic}
    uintx ProfiledCodeHeapSize                     = 122913754                              {pd product} {ergonomic}
    uintx ReservedCodeCacheSize                    = 251658240                              {pd product} {ergonomic}
     bool SegmentedCodeCache                       = true                                      {product} {ergonomic}
     bool UseCompressedClassPointers               = true                                 {lp64_product} {ergonomic}
     bool UseCompressedOops                        = true                                 {lp64_product} {ergonomic}
     bool UseG1GC                                  = true                                      {product} {ergonomic}
     bool UseLargePagesIndividualAllocation        = false                                  {pd product} {ergonomic}

Logging:
Log output configuration:
 #0: stdout all=warning uptime,level,tags
 #1: stderr all=off uptime,level,tags

Environment Variables:
JAVA_HOME=C:\Program Files (x86)\Java\zulu11.52.13-ca-jdk11.0.13-win_x64
PATH=C:\Program Files (x86)\Java\zulu11.52.13-ca-jdk11.0.13-win_x64\bin;C:\WINDOWS\system32;C:\WINDOWS;C:\WINDOWS\System32\Wbem;C:\WINDOWS\System32\WindowsPowerShell\v1.0\;C:\WINDOWS\System32\OpenSSH\;C:\ProgramData\UNIVALI\Portugol Studio;C:\Program Files\Git\cmd;C:\Users\Administrador\AppData\Local\Microsoft\WindowsApps;C:\IntelliJ IDEA Community Edition 2021.3\bin;;C:\Users\Administrador\AppData\Local\GitHubDesktop\bin;C:\Users\Administrador\AppData\Local\Programs\Microsoft VS Code\bin
USERNAME=Administrador
OS=Windows_NT
PROCESSOR_IDENTIFIER=Intel64 Family 6 Model 37 Stepping 5, GenuineIntel



---------------  S Y S T E M  ---------------

OS: Windows 10 , 64 bit Build 19041 (10.0.19041.1348)
OS uptime: 0 days 6:47 hours

CPU:total 4 (initial active 4) (2 cores per cpu, 2 threads per core) family 6 model 37 stepping 5 microcode 0x7, cmov, cx8, fxsr, mmx, sse, sse2, sse3, ssse3, sse4.1, sse4.2, popcnt, ht, tsc, tscinvbit

Memory: 4k page, system-wide physical 3893M (398M free)
TotalPageFile size 3893M (AvailPageFile size 19M)
current process WorkingSet (physical memory assigned to process): 9M, peak: 9M
current process commit charge ("private bytes"): 51M, peak: 113M

vm_info: OpenJDK 64-Bit Server VM (11.0.13+8-LTS) for windows-amd64 JRE (Zulu11.52+13-CA) (11.0.13+8-LTS), built on Oct  7 2021 16:00:23 by "zulu_re" with MS VC++ 15.9 (VS2017)

END.
